<?xml version="1.0" encoding="UTF-8"?>
<atom:entry xmlns:atom="http://www.w3.org/2005/Atom" xmlns:cmis="http://docs.oasis-open.org/ns/cmis/core/200908/" xmlns:cmisra="http://docs.oasis-open.org/ns/cmis/restatom/200908/" xmlns:app="http://www.w3.org/2007/app">
  <atom:author>
    <atom:name>unknown</atom:name>
  </atom:author>
  <atom:id>Some obscure Id</atom:id>
  <atom:published>2013-01-28T14:10:06Z</atom:published>
  <atom:title>Test Document</atom:title>
  <app:edited>2013-01-28T14:10:06Z</app:edited>
  <atom:updated>2013-01-28T14:10:06Z</atom:updated>
  <atom:content src="http://mockup/mock/content/data.txt?id=test-document" type="text/plain"/>
  <cmisra:object xmlns:ns3="http://docs.oasis-open.org/ns/cmis/messaging/200908/">
    <cmis:properties>
      <cmis:propertyInteger queryName="cmis:contentStreamLength" displayName="Content Length" localName="cmis:contentStreamLength" propertyDefinitionId="cmis:contentStreamLength">
        <cmis:value>12345</cmis:value>
      </cmis:propertyInteger>
      <cmis:propertyId queryName="cmis:objectTypeId" displayName="Type-Id" localName="cmis:objectTypeId" propertyDefinitionId="cmis:objectTypeId">
        <cmis:value>DocumentLevel2</cmis:value>
      </cmis:propertyId>
      <cmis:propertyString queryName="cmis:versionSeriesCheckedOutBy" displayName="Checked Out By" localName="cmis:versionSeriesCheckedOutBy" propertyDefinitionId="cmis:versionSeriesCheckedOutBy"/>
      <cmis:propertyHtml queryName="HtmlProp" displayName="Sample Html Property" localName="HtmlProp" propertyDefinitionId="HtmlProp"/>
      <cmis:propertyId queryName="cmis:versionSeriesCheckedOutId" displayName="Checked Out Id" localName="cmis:versionSeriesCheckedOutId" propertyDefinitionId="cmis:versionSeriesCheckedOutId"/>
      <cmis:propertyId queryName="IdProp" displayName="Sample Id Property" localName="IdProp" propertyDefinitionId="IdProp"/>
      <cmis:propertyUri queryName="UriProp" displayName="Sample Uri Property" localName="UriProp" propertyDefinitionId="UriProp"/>
      <cmis:propertyDateTime queryName="DateTimePropMV" displayName="Sample DateTime multi-value Property" localName="DateTimePropMV" propertyDefinitionId="DateTimePropMV"/>
      <cmis:propertyId queryName="cmis:versionSeriesId" displayName="Version Series Id" localName="cmis:versionSeriesId" propertyDefinitionId="cmis:versionSeriesId"/>
      <cmis:propertyDecimal queryName="DecimalProp" displayName="Sample Decimal Property" localName="DecimalProp" propertyDefinitionId="DecimalProp"/>
      <cmis:propertyUri queryName="UriPropMV" displayName="Sample Uri multi-value Property" localName="UriPropMV" propertyDefinitionId="UriPropMV"/>
      <cmis:propertyBoolean queryName="cmis:isLatestVersion" displayName="Is Latest Version" localName="cmis:isLatestVersion" propertyDefinitionId="cmis:isLatestVersion">
        <cmis:value>true</cmis:value>
      </cmis:propertyBoolean>
      <cmis:propertyString queryName="cmis:versionLabel" displayName="Version Label" localName="cmis:versionLabel" propertyDefinitionId="cmis:versionLabel"/>
      <cmis:propertyBoolean queryName="BooleanProp" displayName="Sample Boolean Property" localName="BooleanProp" propertyDefinitionId="BooleanProp"/>
      <cmis:propertyBoolean queryName="cmis:isVersionSeriesCheckedOut" displayName="Checked Out" localName="cmis:isVersionSeriesCheckedOut" propertyDefinitionId="cmis:isVersionSeriesCheckedOut">
        <cmis:value>false</cmis:value>
      </cmis:propertyBoolean>
      <cmis:propertyString queryName="cmis:lastModifiedBy" displayName="Modified By" localName="cmis:lastModifiedBy" propertyDefinitionId="cmis:lastModifiedBy">
        <cmis:value>unknown</cmis:value>
      </cmis:propertyString>
      <cmis:propertyString queryName="cmis:createdBy" displayName="Created By" localName="cmis:createdBy" propertyDefinitionId="cmis:createdBy">
        <cmis:value>unknown</cmis:value>
      </cmis:propertyString>
      <cmis:propertyId queryName="IdPropMV" displayName="Sample Id Html multi-value Property" localName="IdPropMV" propertyDefinitionId="IdPropMV"/>
      <cmis:propertyString queryName="PickListProp" displayName="Sample Pick List Property" localName="PickListProp" propertyDefinitionId="PickListProp">
        <cmis:value>blue</cmis:value>
      </cmis:propertyString>
      <cmis:propertyHtml queryName="HtmlPropMV" displayName="Sample Html multi-value Property" localName="HtmlPropMV" propertyDefinitionId="HtmlPropMV"/>
      <cmis:propertyInteger queryName="IntProp" displayName="Sample Int Property" localName="IntProp" propertyDefinitionId="IntProp"/>
      <cmis:propertyBoolean queryName="cmis:isLatestMajorVersion" displayName="Is Latest Major Version" localName="cmis:isLatestMajorVersion" propertyDefinitionId="cmis:isLatestMajorVersion">
        <cmis:value>true</cmis:value>
      </cmis:propertyBoolean>
      <cmis:propertyString queryName="cmis:contentStreamId" displayName="Stream Id" localName="cmis:contentStreamId" propertyDefinitionId="cmis:contentStreamId"/>
      <cmis:propertyString queryName="cmis:name" displayName="Name" localName="cmis:name" propertyDefinitionId="cmis:name">
        <cmis:value>Test Document</cmis:value>
      </cmis:propertyString>
      <cmis:propertyString queryName="cmis:contentStreamMimeType" displayName="Mime Type" localName="cmis:contentStreamMimeType" propertyDefinitionId="cmis:contentStreamMimeType">
        <cmis:value>text/plain</cmis:value>
      </cmis:propertyString>
      <cmis:propertyString queryName="StringProp" displayName="Sample String Property" localName="StringProp" propertyDefinitionId="StringProp">
        <cmis:value>My Doc StringProperty 6</cmis:value>
      </cmis:propertyString>
      <cmis:propertyDateTime queryName="cmis:creationDate" displayName="Creation Date" localName="cmis:creationDate" propertyDefinitionId="cmis:creationDate">
        <cmis:value>2013-01-28T14:10:06.736Z</cmis:value>
      </cmis:propertyDateTime>
      <cmis:propertyString queryName="cmis:changeToken" displayName="Change Token" localName="cmis:changeToken" propertyDefinitionId="cmis:changeToken">
        <cmis:value>1359382206736</cmis:value>
      </cmis:propertyString>
      <cmis:propertyDecimal queryName="DecimalPropMV" displayName="Sample Decimal multi-value Property" localName="DecimalPropMV" propertyDefinitionId="DecimalPropMV"/>
      <cmis:propertyDateTime queryName="DateTimeProp" displayName="Sample DateTime Property" localName="DateTimeProp" propertyDefinitionId="DateTimeProp"/>
      <cmis:propertyBoolean queryName="BooleanPropMV" displayName="Sample Boolean multi-value Property" localName="BooleanPropMV" propertyDefinitionId="BooleanPropMV"/>
      <cmis:propertyString queryName="cmis:checkinComment" displayName="Checkin Comment" localName="cmis:checkinComment" propertyDefinitionId="cmis:checkinComment"/>
      <cmis:propertyId queryName="cmis:objectId" displayName="Object Id" localName="cmis:objectId" propertyDefinitionId="cmis:objectId">
        <cmis:value>test-document</cmis:value>
      </cmis:propertyId>
      <cmis:propertyBoolean queryName="cmis:isImmutable" displayName="Immutable" localName="cmis:isImmutable" propertyDefinitionId="cmis:isImmutable">
        <cmis:value>false</cmis:value>
      </cmis:propertyBoolean>
      <cmis:propertyBoolean queryName="cmis:isMajorVersion" displayName="Is Major Version" localName="cmis:isMajorVersion" propertyDefinitionId="cmis:isMajorVersion">
        <cmis:value>true</cmis:value>
      </cmis:propertyBoolean>
      <cmis:propertyId queryName="cmis:baseTypeId" displayName="Base-Type-Id" localName="cmis:baseTypeId" propertyDefinitionId="cmis:baseTypeId">
        <cmis:value>cmis:document</cmis:value>
      </cmis:propertyId>
      <cmis:propertyInteger queryName="IntPropMV" displayName="Sample Int multi-value Property" localName="IntPropMV" propertyDefinitionId="IntPropMV"/>
      <cmis:propertyString queryName="cmis:contentStreamFileName" displayName="File Name" localName="cmis:contentStreamFileName" propertyDefinitionId="cmis:contentStreamFileName">
        <cmis:value>data.txt</cmis:value>
      </cmis:propertyString>
      <cmis:propertyDateTime queryName="cmis:lastModificationDate" displayName="Modification Date" localName="cmis:lastModificationDate" propertyDefinitionId="cmis:lastModificationDate">
        <cmis:value>2013-01-28T14:10:06.736Z</cmis:value>
      </cmis:propertyDateTime>
    </cmis:properties>
    <cmis:allowableActions>
      <cmis:canDeleteObject>true</cmis:canDeleteObject>
      <cmis:canUpdateProperties>true</cmis:canUpdateProperties>
      <cmis:canGetFolderTree>false</cmis:canGetFolderTree>
      <cmis:canGetProperties>true</cmis:canGetProperties>
      <cmis:canGetObjectRelationships>false</cmis:canGetObjectRelationships>
      <cmis:canGetObjectParents>true</cmis:canGetObjectParents>
      <cmis:canGetFolderParent>false</cmis:canGetFolderParent>
      <cmis:canGetDescendants>false</cmis:canGetDescendants>
      <cmis:canMoveObject>true</cmis:canMoveObject>
      <cmis:canDeleteContentStream>true</cmis:canDeleteContentStream>
      <cmis:canCheckOut>true</cmis:canCheckOut>
      <cmis:canCancelCheckOut>false</cmis:canCancelCheckOut>
      <cmis:canCheckIn>false</cmis:canCheckIn>
      <cmis:canSetContentStream>true</cmis:canSetContentStream>
      <cmis:canGetAllVersions>true</cmis:canGetAllVersions>
      <cmis:canAddObjectToFolder>true</cmis:canAddObjectToFolder>
      <cmis:canRemoveObjectFromFolder>true</cmis:canRemoveObjectFromFolder>
      <cmis:canGetContentStream>true</cmis:canGetContentStream>
      <cmis:canApplyPolicy>false</cmis:canApplyPolicy>
      <cmis:canGetAppliedPolicies>false</cmis:canGetAppliedPolicies>
      <cmis:canRemovePolicy>false</cmis:canRemovePolicy>
      <cmis:canGetChildren>false</cmis:canGetChildren>
      <cmis:canCreateDocument>false</cmis:canCreateDocument>
      <cmis:canCreateFolder>false</cmis:canCreateFolder>
      <cmis:canCreateRelationship>false</cmis:canCreateRelationship>
      <cmis:canDeleteTree>false</cmis:canDeleteTree>
      <cmis:canGetRenditions>false</cmis:canGetRenditions>
      <cmis:canGetACL>false</cmis:canGetACL>
      <cmis:canApplyACL>false</cmis:canApplyACL>
    </cmis:allowableActions>
    <exampleExtension:exampleExtension xmlns="http://mockup/cmis/extension" xmlns:exampleExtension="http://mockup/cmis/extension">
      <objectId xmlns:ns0="http://mockup/cmis/extension" ns0:type="DocumentLevel2">test-document</objectId>
      <name>Test Document</name>
    </exampleExtension:exampleExtension>
  </cmisra:object>
  <atom:link rel="service" href="http://mockup/mock" type="application/atomsvc+xml"/>
  <atom:link rel="self" href="http://mockup/mock/id?id=test-document" type="application/atom+xml;type=entry" cmisra:id="test-document"/>
  <atom:link rel="enclosure" href="http://mockup/mock/id?id=test-document" type="application/atom+xml;type=entry"/>
  <atom:link rel="edit" href="http://mockup/mock/id?id=test-document" type="application/atom+xml;type=entry"/>
  <atom:link rel="describedby" href="http://mockup/mock/type?id=DocumentLevel2" type="application/atom+xml;type=entry"/>
  <atom:link rel="http://docs.oasis-open.org/ns/cmis/link/200908/allowableactions" href="http://mockup/mock/allowableactions?id=test-document" type="application/cmisallowableactions+xml"/>
  <atom:link rel="up" href="http://mockup/mock/parents?id=test-document" type="application/atom+xml;type=feed"/>
  <atom:link rel="edit-media" href="http://mockup/mock/content?id=test-document" type="text/plain"/>
  <atom:link rel="http://docs.oasis-open.org/ns/cmis/link/200908/acl" href="http://mockup/mock/acl?id=test-document" type="application/cmisacl+xml"/>
  <atom:link rel="version-history" href="http://mockup/mock/versions?id=test-document" type="application/atom+xml;type=feed"/>
  <atom:link rel="alternate" href="http://mockup/mock/renditions?id=test-document-rendition1" type="image/png" cmisra:renditionKind="cmis:thumbnail" title="picture" length="40385"/>
  <atom:link rel="alternate" href="http://mockup/mock/renditions?id=test-document-rendition2" type="application/pdf" cmisra:renditionKind="pdf" title="Doc as PDF"/>
</atom:entry>
